spec/bundler/compact_index_client/updater_spec.rb:32.01998175000335
spec/bundler/fetcher/base_spec.rb:0.05077296599483816
spec/bundler/friendly_errors_spec.rb:1.4352833599987207
spec/bundler/installer/parallel_installer_spec.rb:0.0079458859981969
spec/bundler/installer/spec_installation_spec.rb:0.019285387999843806
spec/bundler/plugin/index_spec.rb:0.2842055189976236
spec/bundler/settings_spec.rb:0.34470988199609565
spec/bundler/source/rubygems/remote_spec.rb:0.23844734099839116
spec/bundler/source_list_spec.rb:0.33147967800323386
spec/bundler/worker_spec.rb:0.0049499160013510846
spec/cache/cache_path_spec.rb:3.8925242599943886
spec/commands/install_spec.rb:87.9527831259984
spec/commands/open_spec.rb:33.571876998001244
spec/install/gemfile/platform_spec.rb:47.216622616993845
spec/install/gemfile_spec.rb:12.472456021998369
spec/install/gems/standalone_spec.rb:148.50664971699734
spec/install/prereleases_spec.rb:7.314630766995833
spec/lock/lockfile_spec.rb:58.776111523999134
spec/runtime/load_spec.rb:6.9043453490012325
spec/bundler/bundler_spec.rb:33.4375473839973
spec/bundler/endpoint_specification_spec.rb:0.024111555998388212
spec/bundler/fetcher/compact_index_spec.rb:0.0904641739980434
spec/bundler/fetcher/dependency_spec.rb:0.1722098999962327
spec/bundler/lockfile_parser_spec.rb:0.06837583000015002
spec/bundler/plugin/events_spec.rb:0.0065708140027709305
spec/bundler/retry_spec.rb:0.02522436399885919
spec/bundler/source/path_spec.rb:0.008599768996646162
spec/bundler/version_ranges_spec.rb:0.08071021099749487
spec/bundler/yaml_serializer_spec.rb:0.03655698199872859
spec/cache/git_spec.rb:50.87876603600307
spec/commands/cache_spec.rb:45.81603755799733
spec/install/gemfile/sources_spec.rb:93.16290108000248
spec/install/path_spec.rb:51.53011625500221
spec/other/platform_spec.rb:165.2840337489979
spec/plugins/source_spec.rb:19.229885242995806
spec/resolver/platform_spec.rb:0.14497978500003228
spec/update/gemfile_spec.rb:6.4573427499999525
spec/update/git_spec.rb:40.643741660998785
spec/bundler/fetcher_spec.rb:32.341130189997784
spec/bundler/plugin/dsl_spec.rb:0.09424722400581231
spec/bundler/plugin/source_list_spec.rb:0.013690817999304272
spec/bundler/psyched_yaml_spec.rb:0.005684015995939262
spec/bundler/source/git/git_proxy_spec.rb:0.12657435899745906
spec/cache/path_spec.rb:28.268037434994767
spec/commands/lock_spec.rb:49.63969616800023
spec/commands/pristine_spec.rb:113.22090179700172
spec/install/deploy_spec.rb:87.49720205400081
spec/install/failure_spec.rb:13.531701548003184
spec/install/gemfile/eval_gemfile_spec.rb:9.830096038000192
spec/install/gemfile/git_spec.rb:164.91685444999894
spec/install/gems/flex_spec.rb:42.64826878299937
spec/install/gems/post_install_spec.rb:9.95750824300194
spec/lock/git_spec.rb:4.514554435998434
spec/other/major_deprecation_spec.rb:48.481988786996226
spec/plugins/hook_spec.rb:11.245880048998515
spec/plugins/list_spec.rb:5.834717620004085
spec/quality_es_spec.rb:0.15462903699517483
spec/resolver/basic_spec.rb:0.4530444739939412
spec/runtime/gem_tasks_spec.rb:9.35022989600111
spec/bundler/dsl_spec.rb:32.97276456400141
spec/bundler/env_spec.rb:0.7500077820004662
spec/bundler/gem_helper_spec.rb:25.078279232002387
spec/bundler/installer/gem_installer_spec.rb:0.02159902900166344
spec/bundler/plugin/api/source_spec.rb:0.1479844139976194
spec/bundler/ruby_version_spec.rb:0.20808891899650916
spec/bundler/ui/shell_spec.rb:0.024203280998335686
spec/cache/platform_spec.rb:2.2038487880054163
spec/commands/console_spec.rb:23.234507108994876
spec/commands/inject_spec.rb:18.144098256001598
spec/commands/remove_spec.rb:40.36768871299864
spec/install/bundler_spec.rb:50.572419558004185
spec/install/gemspecs_spec.rb:13.403767737996532
spec/install/git_spec.rb:11.688075455997023
spec/install/global_cache_spec.rb:51.518659681001736
spec/plugins/install_spec.rb:88.37734802700288
spec/runtime/executable_spec.rb:40.60541321799974
spec/runtime/setup_spec.rb:264.85038797400193
spec/update/path_spec.rb:1.2779700179962674
spec/bundler/fetcher/index_spec.rb:31.6580971900039
spec/bundler/index_spec.rb:0.014848061997327022
spec/bundler/mirror_spec.rb:0.15224742500140565
spec/bundler/ruby_dsl_spec.rb:0.07033923700510059
spec/bundler/rubygems_integration_spec.rb:0.057929540002078284
spec/bundler/source_spec.rb:0.07201162999990629
spec/commands/check_spec.rb:52.59527112700016
spec/commands/clean_spec.rb:118.96600742800365
spec/commands/doctor_spec.rb:8.51250160199561
spec/commands/init_spec.rb:10.543520211002033
spec/commands/update_spec.rb:269.4395368530022
spec/install/gemfile/gemspec_spec.rb:98.99702647799859
spec/install/gemfile/groups_spec.rb:57.835529074996884
spec/install/gems/env_spec.rb:9.081497084000148
spec/install/gems/mirror_spec.rb:2.503661465998448
spec/install/gems/resolving_spec.rb:25.664169743999082
spec/install/yanked_spec.rb:2.472909941992839
spec/other/cli_dispatch_spec.rb:0.9789415069972165
spec/plugins/command_spec.rb:7.661692766996566
spec/bundler/build_metadata_spec.rb:32.174923545004276
spec/bundler/gem_version_promoter_spec.rb:0.10174483199807582
spec/bundler/plugin/api_spec.rb:0.04556219700316433
spec/bundler/remote_specification_spec.rb:0.08512933799647726
spec/bundler/settings/validator_spec.rb:0.036027017995365895
spec/bundler/shared_helpers_spec.rb:0.31939227000111714
spec/bundler/source/rubygems_spec.rb:0.02688779999880353
spec/bundler/spec_set_spec.rb:0.023739418997138273
spec/commands/issue_spec.rb:2.437999736997881
spec/commands/licenses_spec.rb:6.770573287001753
spec/commands/newgem_spec.rb:141.6911179469971
spec/commands/version_spec.rb:1.582370335003361
spec/commands/viz_spec.rb:25.50407342700055
spec/install/gemfile/ruby_spec.rb:12.892661029996816
spec/install/gems/dependency_api_spec.rb:473.4229835520018
spec/install/security_policy_spec.rb:10.89636823500041
spec/quality_spec.rb:2.4984717949992046
spec/runtime/inline_spec.rb:9.45663350900577
spec/runtime/platform_spec.rb:8.623286246001953
spec/runtime/require_spec.rb:17.45631210099964
spec/bundler/cli_spec.rb:60.226540982002916
spec/bundler/definition_spec.rb:9.394498384994222
spec/bundler/dep_proxy_spec.rb:0.02470316800463479
spec/bundler/plugin/installer_spec.rb:20.653467554999224
spec/bundler/source/git_spec.rb:0.02383434900548309
spec/bundler/stub_specification_spec.rb:0.004257902997778729
spec/bundler/ui_spec.rb:0.013677426999493036
spec/bundler/uri_credentials_filter_spec.rb:0.08308675700391177
spec/commands/binstubs_spec.rb:119.50122325099801
spec/commands/exec_spec.rb:334.02703530000144
spec/commands/help_spec.rb:4.545327568004723
spec/commands/list_spec.rb:19.661708735999127
spec/commands/outdated_spec.rb:213.76982942000177
spec/commands/post_bundle_message_spec.rb:12.608990235996316
spec/install/binstubs_spec.rb:1.8288986460029264
spec/install/redownload_spec.rb:8.445376201998442
spec/other/ext_spec.rb:1.0020473269905779
spec/plugins/source/example_spec.rb:22.994271540002956
spec/runtime/with_unbundled_env_spec.rb:12.45168918800482
spec/bundler/compact_index_client/gem_parser_spec.rb:31.936409977002768
spec/bundler/environment_preserver_spec.rb:0.03716281699598767
spec/bundler/fetcher/downloader_spec.rb:0.14092196799902013
spec/bundler/plugin_spec.rb:0.5048668710005586
spec/bundler/vendored_persistent_spec.rb:0.03816706300131045
spec/cache/gems_spec.rb:133.53284421900025
spec/commands/add_spec.rb:182.31521645499743
spec/commands/config_spec.rb:77.31510872900253
spec/commands/info_spec.rb:27.20819845799997
spec/commands/show_spec.rb:35.6539957740024
spec/install/allow_offline_install_spec.rb:14.547905938998156
spec/install/gemfile/lockfile_spec.rb:5.019194132000848
spec/install/gemfile/path_spec.rb:60.32188078999752
spec/install/gemfile/specific_platform_spec.rb:63.85338138999941
spec/install/gems/compact_index_spec.rb:264.9784521679976
spec/install/gems/native_extensions_spec.rb:3.0980042299997876
spec/install/gems/win32_spec.rb:0.3072887870002887
spec/install/process_lock_spec.rb:1.393907706005848
spec/update/gems/post_install_spec.rb:6.128313620996778
spec/update/redownload_spec.rb:2.6376011250031297
